<?xml version="1.0" encoding="UTF-8"?>
<!-- Generated by org.testng.reporters.JUnitXMLReporter -->
<testsuite hostname="LAPTOP-HV5VBQ3A" ignored="0" name="userlogin02" tests="1" failures="1" timestamp="15 六月 2022 09:11:11 GMT" time="0.019" errors="0">
  <testcase name="testuserlogin" time="0.0" classname="com.naughty.userlogin02.controller.usercontrollerText">
    <failure type="org.testng.TestNGException" message="
Some DataProvider public java.lang.Object[][] com.naughty.userlogin02.controller.usercontrollerText.datas(java.util.List) parameters unresolved:  at 0 type interface java.util.List
">
      <![CDATA[org.testng.TestNGException: 
Some DataProvider public java.lang.Object[][] com.naughty.userlogin02.controller.usercontrollerText.datas(java.util.List) parameters unresolved:  at 0 type interface java.util.List

	at com.intellij.rt.testng.IDEARemoteTestNG.run(IDEARemoteTestNG.java:66)
	at com.intellij.rt.testng.RemoteTestNGStarter.main(RemoteTestNGStarter.java:110)
... Removed 20 stack frames]]>
    </failure>
  </testcase> <!-- testuserlogin -->
</testsuite> <!-- userlogin02 -->
